<?xml version="1.0" encoding="UTF-8"?>
<!-- Generated by org.testng.reporters.JUnitXMLReporter -->
<testsuite ignored="0" hostname="LAPTOP-LA2GNSIL" failures="1" tests="4" name="Test" time="64.13" errors="0" timestamp="2022-11-25T12:34:15 IST">
  <testcase classname="scripts.TestCase1" name="BuyOneProduct" time="8.38"/>
  <testcase classname="scripts.TestCase2" name="BuyMultipleProduct" time="4.841"/>
  <testcase classname="scripts.TestCase2" name="BuyMultipleProduct" time="4.827"/>
  <testcase classname="scripts.TestCase3" name="loginErrorValidation" time="0.996">
    <failure type="java.lang.AssertionError" message="expected [true] but found [false]">
      <![CDATA[java.lang.AssertionError: expected [true] but found [false]
at scripts.TestCase3.loginErrorValidation(TestCase3.java:17)
at java.base/java.util.ArrayList.forEach(ArrayList.java:1511)
... Removed 31 stack frames]]>
    </failure>
  </testcase> <!-- loginErrorValidation -->
</testsuite> <!-- Test -->
